Determining if the pthread_create exist failed with the following output:
Change Dir: /home/nuc/catkin_ws/src/zayas_test/CMakeFiles/CMakeTmp

Run Build Command:"/usr/bin/make" "cmTC_7833d/fast"
/usr/bin/make -f CMakeFiles/cmTC_7833d.dir/build.make CMakeFiles/cmTC_7833d.dir/build
make[1]: Entering directory '/home/nuc/catkin_ws/src/zayas_test/CMakeFiles/CMakeTmp'
Building C object CMakeFiles/cmTC_7833d.dir/CheckSymbolExists.c.o
/usr/bin/cc     -o CMakeFiles/cmTC_7833d.dir/CheckSymbolExists.c.o   -c /home/nuc/catkin_ws/src/zayas_test/CMakeFiles/CMakeTmp/CheckSymbolExists.c
Linking C executable cmTC_7833d
/usr/bin/cmake -E cmake_link_script CMakeFiles/cmTC_7833d.dir/link.txt --verbose=1
/usr/bin/cc       CMakeFiles/cmTC_7833d.dir/CheckSymbolExists.c.o  -o cmTC_7833d -rdynamic 
CMakeFiles/cmTC_7833d.dir/CheckSymbolExists.c.o: In function `main':
CheckSymbolExists.c:(.text+0x16): undefined reference to `pthread_create'
collect2: error: ld returned 1 exit status
CMakeFiles/cmTC_7833d.dir/build.make:97: recipe for target 'cmTC_7833d' failed
make[1]: *** [cmTC_7833d] Error 1
make[1]: Leaving directory '/home/nuc/catkin_ws/src/zayas_test/CMakeFiles/CMakeTmp'
Makefile:126: recipe for target 'cmTC_7833d/fast' failed
make: *** [cmTC_7833d/fast] Error 2

File /home/nuc/catkin_ws/src/zayas_test/CMakeFiles/CMakeTmp/CheckSymbolExists.c:
/* */
#include <pthread.h>

int main(int argc, char** argv)
{
  (void)argv;
#ifndef pthread_create
  return ((int*)(&pthread_create))[argc];
#else
  (void)argc;
  return 0;
#endif
}

Determining if the function pthread_create exists in the pthreads failed with the following output:
Change Dir: /home/nuc/catkin_ws/src/zayas_test/CMakeFiles/CMakeTmp

Run Build Command:"/usr/bin/make" "cmTC_4ae04/fast"
/usr/bin/make -f CMakeFiles/cmTC_4ae04.dir/build.make CMakeFiles/cmTC_4ae04.dir/build
make[1]: Entering directory '/home/nuc/catkin_ws/src/zayas_test/CMakeFiles/CMakeTmp'
Building C object CMakeFiles/cmTC_4ae04.dir/CheckFunctionExists.c.o
/usr/bin/cc    -DCHECK_FUNCTION_EXISTS=pthread_create   -o CMakeFiles/cmTC_4ae04.dir/CheckFunctionExists.c.o   -c /usr/share/cmake-3.5/Modules/CheckFunctionExists.c
Linking C executable cmTC_4ae04
/usr/bin/cmake -E cmake_link_script CMakeFiles/cmTC_4ae04.dir/link.txt --verbose=1
/usr/bin/cc   -DCHECK_FUNCTION_EXISTS=pthread_create    CMakeFiles/cmTC_4ae04.dir/CheckFunctionExists.c.o  -o cmTC_4ae04 -rdynamic -lpthreads 
/usr/bin/ld: cannot find -lpthreads
collect2: error: ld returned 1 exit status
CMakeFiles/cmTC_4ae04.dir/build.make:97: recipe for target 'cmTC_4ae04' failed
make[1]: *** [cmTC_4ae04] Error 1
make[1]: Leaving directory '/home/nuc/catkin_ws/src/zayas_test/CMakeFiles/CMakeTmp'
Makefile:126: recipe for target 'cmTC_4ae04/fast' failed
make: *** [cmTC_4ae04/fast] Error 2


